# JRE version: OpenJDK Runtime Environment Temurin-21.0.9+10 (21.0.9+10) (build 21.0.9+10-LTS)
# Java VM: OpenJDK 64-Bit Server VM Temurin-21.0.9+10 (21.0.9+10-LTS, mixed mode, sharing, tiered, compressed oops, compressed class ptrs, parallel gc, windows-amd64)
GC Precious Log:
 CardTable entry size: 512
 CPUs: 8 total, 8 available
 Memory: 8070M
 Large Page Support: Disabled
 NUMA Support: Disabled
 Compressed Oops: Enabled (32-bit)
 Alignments: Space 512K, Generation 512K, Heap 2M
 Heap Min Capacity: 100M
 Heap Initial Capacity: 100M
 Heap Max Capacity: 2G
 Pre-touch: Disabled
 Parallel Workers: 8
Heap:
 PSYoungGen      total 5120K, used 3123K [0x00000000d5580000, 0x00000000d5f80000, 0x0000000100000000)
  eden space 4608K, 57% used [0x00000000d5580000,0x00000000d5810c98,0x00000000d5a00000)
  from space 512K, 96% used [0x00000000d5e80000,0x00000000d5efc010,0x00000000d5f00000)
  to   space 512K, 0% used [0x00000000d5f00000,0x00000000d5f00000,0x00000000d5f80000)
 ParOldGen       total 1050112K, used 149939K [0x0000000080000000, 0x00000000c0180000, 0x00000000d5580000)
  object space 1050112K, 14% used [0x0000000080000000,0x000000008926cea8,0x00000000c0180000)
 Metaspace       used 93734K, committed 95744K, reserved 1179648K
  class space    used 9519K, committed 10432K, reserved 1048576K
GC Heap History (20 events):
Event: 10301.186 GC heap before
{Heap before GC invocations=2717 (full 6):
 PSYoungGen      total 5632K, used 5504K [0x00000000d5580000, 0x00000000d5f00000, 0x0000000100000000)
  eden space 5120K, 100% used [0x00000000d5580000,0x00000000d5a80000,0x00000000d5a80000)
  from space 512K, 75% used [0x00000000d5e80000,0x00000000d5ee0000,0x00000000d5f00000)
  to   space 1024K, 0% used [0x00000000d5d00000,0x00000000d5d00000,0x00000000d5e00000)
 ParOldGen       total 1050112K, used 132200K [0x0000000080000000, 0x00000000c0180000, 0x00000000d5580000)
  object space 1050112K, 12% used [0x0000000080000000,0x000000008811a230,0x00000000c0180000)
 Metaspace       used 93731K, committed 95744K, reserved 1179648K
  class space    used 9519K, committed 10432K, reserved 1048576K
}
Event: 10301.193 GC heap after
{Heap after GC invocations=2717 (full 6):
 PSYoungGen      total 6144K, used 993K [0x00000000d5580000, 0x00000000d6080000, 0x0000000100000000)
  eden space 5120K, 0% used [0x00000000d5580000,0x00000000d5580000,0x00000000d5a80000)
  from space 1024K, 97% used [0x00000000d5d00000,0x00000000d5df86f0,0x00000000d5e00000)
  to   space 2560K, 0% used [0x00000000d5e00000,0x00000000d5e00000,0x00000000d6080000)
 ParOldGen       total 1050112K, used 133776K [0x0000000080000000, 0x00000000c0180000, 0x00000000d5580000)
  object space 1050112K, 12% used [0x0000000080000000,0x00000000882a4230,0x00000000c0180000)
 Metaspace       used 93731K, committed 95744K, reserved 1179648K
  class space    used 9519K, committed 10432K, reserved 1048576K
}
Event: 10301.254 GC heap before
{Heap before GC invocations=2718 (full 6):
 PSYoungGen      total 6144K, used 6113K [0x00000000d5580000, 0x00000000d6080000, 0x0000000100000000)
  eden space 5120K, 100% used [0x00000000d5580000,0x00000000d5a80000,0x00000000d5a80000)
  from space 1024K, 97% used [0x00000000d5d00000,0x00000000d5df86f0,0x00000000d5e00000)
  to   space 2560K, 0% used [0x00000000d5e00000,0x00000000d5e00000,0x00000000d6080000)
 ParOldGen       total 1050112K, used 133776K [0x0000000080000000, 0x00000000c0180000, 0x00000000d5580000)
  object space 1050112K, 12% used [0x0000000080000000,0x00000000882a4230,0x00000000c0180000)
 Metaspace       used 93731K, committed 95744K, reserved 1179648K
  class space    used 9519K, committed 10432K, reserved 1048576K
}
Event: 10301.259 GC heap after
{Heap after GC invocations=2718 (full 6):
 PSYoungGen      total 7680K, used 2240K [0x00000000d5580000, 0x00000000d6080000, 0x0000000100000000)
  eden space 5120K, 0% used [0x00000000d5580000,0x00000000d5580000,0x00000000d5a80000)
  from space 2560K, 87% used [0x00000000d5e00000,0x00000000d6030000,0x00000000d6080000)
  to   space 2560K, 0% used [0x00000000d5b80000,0x00000000d5b80000,0x00000000d5e00000)
 ParOldGen       total 1050112K, used 134815K [0x0000000080000000, 0x00000000c0180000, 0x00000000d5580000)
  object space 1050112K, 12% used [0x0000000080000000,0x00000000883a7da0,0x00000000c0180000)
 Metaspace       used 93731K, committed 95744K, reserved 1179648K
  class space    used 9519K, committed 10432K, reserved 1048576K
}
Event: 10301.323 GC heap before
{Heap before GC invocations=2719 (full 6):
 PSYoungGen      total 7680K, used 7250K [0x00000000d5580000, 0x00000000d6080000, 0x0000000100000000)
  eden space 5120K, 97% used [0x00000000d5580000,0x00000000d5a64930,0x00000000d5a80000)
  from space 2560K, 87% used [0x00000000d5e00000,0x00000000d6030000,0x00000000d6080000)
  to   space 2560K, 0% used [0x00000000d5b80000,0x00000000d5b80000,0x00000000d5e00000)
 ParOldGen       total 1050112K, used 134815K [0x0000000080000000, 0x00000000c0180000, 0x00000000d5580000)
  object space 1050112K, 12% used [0x0000000080000000,0x00000000883a7da0,0x00000000c0180000)
 Metaspace       used 93731K, committed 95744K, reserved 1179648K
  class space    used 9519K, committed 10432K, reserved 1048576K
}
Event: 10301.329 GC heap after
{Heap after GC invocations=2719 (full 6):
 PSYoungGen      total 5632K, used 96K [0x00000000d5580000, 0x00000000d5e80000, 0x0000000100000000)
  eden space 5120K, 0% used [0x00000000d5580000,0x00000000d5580000,0x00000000d5a80000)
  from space 512K, 18% used [0x00000000d5b80000,0x00000000d5b98000,0x00000000d5c00000)
  to   space 1024K, 0% used [0x00000000d5d80000,0x00000000d5d80000,0x00000000d5e80000)
 ParOldGen       total 1050112K, used 136151K [0x0000000080000000, 0x00000000c0180000, 0x00000000d5580000)
  object space 1050112K, 12% used [0x0000000080000000,0x00000000884f5da0,0x00000000c0180000)
 Metaspace       used 93731K, committed 95744K, reserved 1179648K
  class space    used 9519K, committed 10432K, reserved 1048576K
}
Event: 10301.685 GC heap before
{Heap before GC invocations=2720 (full 6):
 PSYoungGen      total 5632K, used 5216K [0x00000000d5580000, 0x00000000d5e80000, 0x0000000100000000)
  eden space 5120K, 100% used [0x00000000d5580000,0x00000000d5a80000,0x00000000d5a80000)
  from space 512K, 18% used [0x00000000d5b80000,0x00000000d5b98000,0x00000000d5c00000)
  to   space 1024K, 0% used [0x00000000d5d80000,0x00000000d5d80000,0x00000000d5e80000)
 ParOldGen       total 1050112K, used 136151K [0x0000000080000000, 0x00000000c0180000, 0x00000000d5580000)
  object space 1050112K, 12% used [0x0000000080000000,0x00000000884f5da0,0x00000000c0180000)
 Metaspace       used 93733K, committed 95744K, reserved 1179648K
  class space    used 9519K, committed 10432K, reserved 1048576K
}
Event: 10301.697 GC heap after
{Heap after GC invocations=2720 (full 6):
 PSYoungGen      total 5632K, used 998K [0x00000000d5580000, 0x00000000d6180000, 0x0000000100000000)
  eden space 4608K, 0% used [0x00000000d5580000,0x00000000d5580000,0x00000000d5a00000)
  from space 1024K, 97% used [0x00000000d5d80000,0x00000000d5e79b28,0x00000000d5e80000)
  to   space 3584K, 0% used [0x00000000d5a00000,0x00000000d5a00000,0x00000000d5d80000)
 ParOldGen       total 1050112K, used 138006K [0x0000000080000000, 0x00000000c0180000, 0x00000000d5580000)
  object space 1050112K, 13% used [0x0000000080000000,0x00000000886c58d8,0x00000000c0180000)
 Metaspace       used 93733K, committed 95744K, reserved 1179648K
  class space    used 9519K, committed 10432K, reserved 1048576K
}
Event: 10301.723 GC heap before
{Heap before GC invocations=2721 (full 6):
 PSYoungGen      total 5632K, used 5495K [0x00000000d5580000, 0x00000000d6180000, 0x0000000100000000)
  eden space 4608K, 97% used [0x00000000d5580000,0x00000000d59e43a0,0x00000000d5a00000)
  from space 1024K, 97% used [0x00000000d5d80000,0x00000000d5e79b28,0x00000000d5e80000)
  to   space 3584K, 0% used [0x00000000d5a00000,0x00000000d5a00000,0x00000000d5d80000)
 ParOldGen       total 1050112K, used 138006K [0x0000000080000000, 0x00000000c0180000, 0x00000000d5580000)
  object space 1050112K, 13% used [0x0000000080000000,0x00000000886c58d8,0x00000000c0180000)
 Metaspace       used 93733K, committed 95744K, reserved 1179648K
  class space    used 9519K, committed 10432K, reserved 1048576K
}
Event: 10301.732 GC heap after
{Heap after GC invocations=2721 (full 6):
 PSYoungGen      total 8192K, used 3496K [0x00000000d5580000, 0x00000000d6200000, 0x0000000100000000)
  eden space 4608K, 0% used [0x00000000d5580000,0x00000000d5580000,0x00000000d5a00000)
  from space 3584K, 97% used [0x00000000d5a00000,0x00000000d5d6a000,0x00000000d5d80000)
  to   space 4096K, 0% used [0x00000000d5e00000,0x00000000d5e00000,0x00000000d6200000)
 ParOldGen       total 1050112K, used 139050K [0x0000000080000000, 0x00000000c0180000, 0x00000000d5580000)
  object space 1050112K, 13% used [0x0000000080000000,0x00000000887caa90,0x00000000c0180000)
 Metaspace       used 93733K, committed 95744K, reserved 1179648K
  class space    used 9519K, committed 10432K, reserved 1048576K
}
Event: 10301.808 GC heap before
{Heap before GC invocations=2722 (full 6):
 PSYoungGen      total 8192K, used 8104K [0x00000000d5580000, 0x00000000d6200000, 0x0000000100000000)
  eden space 4608K, 100% used [0x00000000d5580000,0x00000000d5a00000,0x00000000d5a00000)
  from space 3584K, 97% used [0x00000000d5a00000,0x00000000d5d6a000,0x00000000d5d80000)
  to   space 4096K, 0% used [0x00000000d5e00000,0x00000000d5e00000,0x00000000d6200000)
 ParOldGen       total 1050112K, used 139050K [0x0000000080000000, 0x00000000c0180000, 0x00000000d5580000)
  object space 1050112K, 13% used [0x0000000080000000,0x00000000887caa90,0x00000000c0180000)
 Metaspace       used 93733K, committed 95744K, reserved 1179648K
  class space    used 9519K, committed 10432K, reserved 1048576K
}
Event: 10301.820 GC heap after
{Heap after GC invocations=2722 (full 6):
 PSYoungGen      total 7168K, used 2228K [0x00000000d5580000, 0x00000000d6080000, 0x0000000100000000)
  eden space 4608K, 0% used [0x00000000d5580000,0x00000000d5580000,0x00000000d5a00000)
  from space 2560K, 87% used [0x00000000d5e00000,0x00000000d602d3c0,0x00000000d6080000)
  to   space 3072K, 0% used [0x00000000d5a80000,0x00000000d5a80000,0x00000000d5d80000)
 ParOldGen       total 1050112K, used 142331K [0x0000000080000000, 0x00000000c0180000, 0x00000000d5580000)
  object space 1050112K, 13% used [0x0000000080000000,0x0000000088afefe8,0x00000000c0180000)
 Metaspace       used 93733K, committed 95744K, reserved 1179648K
  class space    used 9519K, committed 10432K, reserved 1048576K
}
Event: 10301.904 GC heap before
{Heap before GC invocations=2723 (full 6):
 PSYoungGen      total 7168K, used 6836K [0x00000000d5580000, 0x00000000d6080000, 0x0000000100000000)
  eden space 4608K, 100% used [0x00000000d5580000,0x00000000d5a00000,0x00000000d5a00000)
  from space 2560K, 87% used [0x00000000d5e00000,0x00000000d602d3c0,0x00000000d6080000)
  to   space 3072K, 0% used [0x00000000d5a80000,0x00000000d5a80000,0x00000000d5d80000)
 ParOldGen       total 1050112K, used 142331K [0x0000000080000000, 0x00000000c0180000, 0x00000000d5580000)
  object space 1050112K, 13% used [0x0000000080000000,0x0000000088afefe8,0x00000000c0180000)
 Metaspace       used 93733K, committed 95744K, reserved 1179648K
  class space    used 9519K, committed 10432K, reserved 1048576K
}
Event: 10301.916 GC heap after
{Heap after GC invocations=2723 (full 6):
 PSYoungGen      total 7680K, used 3065K [0x00000000d5580000, 0x00000000d6600000, 0x0000000100000000)
  eden space 4608K, 0% used [0x00000000d5580000,0x00000000d5580000,0x00000000d5a00000)
  from space 3072K, 99% used [0x00000000d5a80000,0x00000000d5d7e4a0,0x00000000d5d80000)
  to   space 6144K, 0% used [0x00000000d6000000,0x00000000d6000000,0x00000000d6600000)
 ParOldGen       total 1050112K, used 144568K [0x0000000080000000, 0x00000000c0180000, 0x00000000d5580000)
  object space 1050112K, 13% used [0x0000000080000000,0x0000000088d2e028,0x00000000c0180000)
 Metaspace       used 93733K, committed 95744K, reserved 1179648K
  class space    used 9519K, committed 10432K, reserved 1048576K
}
Event: 10302.034 GC heap before
{Heap before GC invocations=2724 (full 6):
 PSYoungGen      total 7680K, used 7673K [0x00000000d5580000, 0x00000000d6600000, 0x0000000100000000)
  eden space 4608K, 100% used [0x00000000d5580000,0x00000000d5a00000,0x00000000d5a00000)
  from space 3072K, 99% used [0x00000000d5a80000,0x00000000d5d7e4a0,0x00000000d5d80000)
  to   space 6144K, 0% used [0x00000000d6000000,0x00000000d6000000,0x00000000d6600000)
 ParOldGen       total 1050112K, used 144568K [0x0000000080000000, 0x00000000c0180000, 0x00000000d5580000)
  object space 1050112K, 13% used [0x0000000080000000,0x0000000088d2e028,0x00000000c0180000)
 Metaspace       used 93733K, committed 95744K, reserved 1179648K
  class space    used 9519K, committed 10432K, reserved 1048576K
}
Event: 10302.045 GC heap after
{Heap after GC invocations=2724 (full 6):
 PSYoungGen      total 7168K, used 2264K [0x00000000d5580000, 0x00000000d6280000, 0x0000000100000000)
  eden space 4608K, 0% used [0x00000000d5580000,0x00000000d5580000,0x00000000d5a00000)
  from space 2560K, 88% used [0x00000000d6000000,0x00000000d62363d8,0x00000000d6280000)
  to   space 3584K, 0% used [0x00000000d5b80000,0x00000000d5b80000,0x00000000d5f00000)
 ParOldGen       total 1050112K, used 147654K [0x0000000080000000, 0x00000000c0180000, 0x00000000d5580000)
  object space 1050112K, 14% used [0x0000000080000000,0x0000000089031b90,0x00000000c0180000)
 Metaspace       used 93733K, committed 95744K, reserved 1179648K
  class space    used 9519K, committed 10432K, reserved 1048576K
}
Event: 10302.240 GC heap before
{Heap before GC invocations=2725 (full 6):
 PSYoungGen      total 7168K, used 6872K [0x00000000d5580000, 0x00000000d6280000, 0x0000000100000000)
  eden space 4608K, 100% used [0x00000000d5580000,0x00000000d5a00000,0x00000000d5a00000)
  from space 2560K, 88% used [0x00000000d6000000,0x00000000d62363d8,0x00000000d6280000)
  to   space 3584K, 0% used [0x00000000d5b80000,0x00000000d5b80000,0x00000000d5f00000)
 ParOldGen       total 1050112K, used 147654K [0x0000000080000000, 0x00000000c0180000, 0x00000000d5580000)
  object space 1050112K, 14% used [0x0000000080000000,0x0000000089031b90,0x00000000c0180000)
 Metaspace       used 93734K, committed 95744K, reserved 1179648K
  class space    used 9519K, committed 10432K, reserved 1048576K
}
Event: 10302.246 GC heap after
{Heap after GC invocations=2725 (full 6):
 PSYoungGen      total 8192K, used 448K [0x00000000d5580000, 0x00000000d6080000, 0x0000000100000000)
  eden space 4608K, 0% used [0x00000000d5580000,0x00000000d5580000,0x00000000d5a00000)
  from space 3584K, 12% used [0x00000000d5b80000,0x00000000d5bf0000,0x00000000d5f00000)
  to   space 1536K, 0% used [0x00000000d5f00000,0x00000000d5f00000,0x00000000d6080000)
 ParOldGen       total 1050112K, used 149691K [0x0000000080000000, 0x00000000c0180000, 0x00000000d5580000)
  object space 1050112K, 14% used [0x0000000080000000,0x000000008922ee88,0x00000000c0180000)
 Metaspace       used 93734K, committed 95744K, reserved 1179648K
  class space    used 9519K, committed 10432K, reserved 1048576K
}
Event: 10302.643 GC heap before
{Heap before GC invocations=2726 (full 6):
 PSYoungGen      total 8192K, used 5056K [0x00000000d5580000, 0x00000000d6080000, 0x0000000100000000)
  eden space 4608K, 100% used [0x00000000d5580000,0x00000000d5a00000,0x00000000d5a00000)
  from space 3584K, 12% used [0x00000000d5b80000,0x00000000d5bf0000,0x00000000d5f00000)
  to   space 1536K, 0% used [0x00000000d5f00000,0x00000000d5f00000,0x00000000d6080000)
 ParOldGen       total 1050112K, used 149691K [0x0000000080000000, 0x00000000c0180000, 0x00000000d5580000)
  object space 1050112K, 14% used [0x0000000080000000,0x000000008922ee88,0x00000000c0180000)
 Metaspace       used 93734K, committed 95744K, reserved 1179648K
  class space    used 9519K, committed 10432K, reserved 1048576K
}
Event: 10303.419 GC heap after
{Heap after GC invocations=2726 (full 6):
 PSYoungGen      total 5120K, used 272K [0x00000000d5580000, 0x00000000d5f80000, 0x0000000100000000)
  eden space 4608K, 0% used [0x00000000d5580000,0x00000000d5580000,0x00000000d5a00000)
  from space 512K, 53% used [0x00000000d5f00000,0x00000000d5f44010,0x00000000d5f80000)
  to   space 512K, 0% used [0x00000000d5e80000,0x00000000d5e80000,0x00000000d5f00000)
 ParOldGen       total 1050112K, used 149811K [0x0000000080000000, 0x00000000c0180000, 0x00000000d5580000)
  object space 1050112K, 14% used [0x0000000080000000,0x000000008924ce88,0x00000000c0180000)
 Metaspace       used 93734K, committed 95744K, reserved 1179648K
  class space    used 9519K, committed 10432K, reserved 1048576K
}

